ERROR: Unable to locate a modulefile for 'fastqc'

Loading fastp/0.23.4
  Loading requirement: libdeflate/1.21 libisa/2.31

Loading samtools/1.20
  Loading requirement: htslib/1.20

ERROR: Unable to locate a modulefile for 'stringtie'
ERROR: Unable to locate a modulefile for 'gffcompare'
HISAT2 index already exists.
Processing sample: 1BS
Running FastQC for 1BS...
Analysis complete for 1BS_R1_001.fastq.gz
Analysis complete for 1BS_R2_001.fastq.gz
Running Fastp for 1BS...
Running HISAT2 alignment for 1BS...
Converting SAM to BAM for 1BS...
Running StringTie for 1BS...
Processing sample: 1DS
Running FastQC for 1DS...
Analysis complete for 1DS_R1_001.fastq.gz
Analysis complete for 1DS_R2_001.fastq.gz
Running Fastp for 1DS...
Running HISAT2 alignment for 1DS...
Converting SAM to BAM for 1DS...
Running StringTie for 1DS...
Processing sample: 2BS
Running FastQC for 2BS...
Analysis complete for 2BS_R1_001.fastq.gz
Analysis complete for 2BS_R2_001.fastq.gz
Running Fastp for 2BS...
Running HISAT2 alignment for 2BS...
Converting SAM to BAM for 2BS...
Running StringTie for 2BS...
Processing sample: 2DS
Running FastQC for 2DS...
Analysis complete for 2DS_R1_001.fastq.gz
Analysis complete for 2DS_R2_001.fastq.gz
Running Fastp for 2DS...
Running HISAT2 alignment for 2DS...
Converting SAM to BAM for 2DS...
Running StringTie for 2DS...
Processing sample: 3BS
Running FastQC for 3BS...
Analysis complete for 3BS_R1_001.fastq.gz
Analysis complete for 3BS_R2_001.fastq.gz
Running Fastp for 3BS...
Running HISAT2 alignment for 3BS...
Converting SAM to BAM for 3BS...
Running StringTie for 3BS...
Processing sample: 3DS
Running FastQC for 3DS...
Analysis complete for 3DS_R1_001.fastq.gz
Analysis complete for 3DS_R2_001.fastq.gz
Running Fastp for 3DS...
Running HISAT2 alignment for 3DS...
Converting SAM to BAM for 3DS...
